  PolynomialCalculator.cpp
C:\Users\Vladimir Boychev\Desktop\UP PRAKTIKUM\PolynomialCalculator\PolynomialCalculator.cpp(121,14): warning C4267: 'initializing': conversion from 'size_t' to 'int', possible loss of data
C:\Users\Vladimir Boychev\Desktop\UP PRAKTIKUM\PolynomialCalculator\PolynomialCalculator.cpp(225,29): warning C4267: 'initializing': conversion from 'size_t' to 'int', possible loss of data
C:\Users\Vladimir Boychev\Desktop\UP PRAKTIKUM\PolynomialCalculator\PolynomialCalculator.cpp(225,21): warning C4267: 'initializing': conversion from 'size_t' to 'const int', possible loss of data
C:\Users\Vladimir Boychev\Desktop\UP PRAKTIKUM\PolynomialCalculator\PolynomialCalculator.cpp(226,29): warning C4267: 'initializing': conversion from 'size_t' to 'int', possible loss of data
C:\Users\Vladimir Boychev\Desktop\UP PRAKTIKUM\PolynomialCalculator\PolynomialCalculator.cpp(226,21): warning C4267: 'initializing': conversion from 'size_t' to 'const int', possible loss of data
C:\Users\Vladimir Boychev\Desktop\UP PRAKTIKUM\PolynomialCalculator\PolynomialCalculator.cpp(287,14): warning C4267: 'initializing': conversion from 'size_t' to 'int', possible loss of data
C:\Users\Vladimir Boychev\Desktop\UP PRAKTIKUM\PolynomialCalculator\PolynomialCalculator.cpp(302,18): warning C4267: 'initializing': conversion from 'size_t' to 'int', possible loss of data
C:\Users\Vladimir Boychev\Desktop\UP PRAKTIKUM\PolynomialCalculator\PolynomialCalculator.cpp(320,12): warning C4244: 'initializing': conversion from 'double' to 'int', possible loss of data
C:\Users\Vladimir Boychev\Desktop\UP PRAKTIKUM\PolynomialCalculator\PolynomialCalculator.cpp(343,14): warning C4267: 'initializing': conversion from 'size_t' to 'int', possible loss of data
C:\Users\Vladimir Boychev\Desktop\UP PRAKTIKUM\PolynomialCalculator\PolynomialCalculator.cpp(379,49): warning C4267: '=': conversion from 'size_t' to 'int', possible loss of data
C:\Users\Vladimir Boychev\Desktop\UP PRAKTIKUM\PolynomialCalculator\PolynomialCalculator.cpp(384,58): warning C4267: '=': conversion from 'size_t' to 'int', possible loss of data
C:\Users\Vladimir Boychev\Desktop\UP PRAKTIKUM\PolynomialCalculator\PolynomialCalculator.cpp(427,14): warning C4267: 'initializing': conversion from 'size_t' to 'int', possible loss of data
C:\Users\Vladimir Boychev\Desktop\UP PRAKTIKUM\PolynomialCalculator\PolynomialCalculator.cpp(451,14): warning C4267: 'initializing': conversion from 'size_t' to 'int', possible loss of data
C:\Users\Vladimir Boychev\Desktop\UP PRAKTIKUM\PolynomialCalculator\PolynomialCalculator.cpp(465,15): warning C4267: 'initializing': conversion from 'size_t' to 'int', possible loss of data
C:\Users\Vladimir Boychev\Desktop\UP PRAKTIKUM\PolynomialCalculator\PolynomialCalculator.cpp(466,15): warning C4267: 'initializing': conversion from 'size_t' to 'int', possible loss of data
C:\Users\Vladimir Boychev\Desktop\UP PRAKTIKUM\PolynomialCalculator\PolynomialCalculator.cpp(618,15): warning C4267: 'initializing': conversion from 'size_t' to 'int', possible loss of data
C:\Users\Vladimir Boychev\Desktop\UP PRAKTIKUM\PolynomialCalculator\PolynomialCalculator.cpp(630,35): warning C4267: '=': conversion from 'size_t' to 'int', possible loss of data
C:\Users\Vladimir Boychev\Desktop\UP PRAKTIKUM\PolynomialCalculator\PolynomialCalculator.cpp(644,15): warning C4267: 'initializing': conversion from 'size_t' to 'int', possible loss of data
C:\Users\Vladimir Boychev\Desktop\UP PRAKTIKUM\PolynomialCalculator\PolynomialCalculator.cpp(645,15): warning C4267: 'initializing': conversion from 'size_t' to 'int', possible loss of data
C:\Users\Vladimir Boychev\Desktop\UP PRAKTIKUM\PolynomialCalculator\PolynomialCalculator.cpp(697,14): warning C4267: 'initializing': conversion from 'size_t' to 'int', possible loss of data
C:\Users\Vladimir Boychev\Desktop\UP PRAKTIKUM\PolynomialCalculator\PolynomialCalculator.cpp(717,15): warning C4267: 'initializing': conversion from 'size_t' to 'int', possible loss of data
C:\Users\Vladimir Boychev\Desktop\UP PRAKTIKUM\PolynomialCalculator\PolynomialCalculator.cpp(756,26): warning C4267: 'initializing': conversion from 'size_t' to 'int', possible loss of data
C:\Users\Vladimir Boychev\Desktop\UP PRAKTIKUM\PolynomialCalculator\PolynomialCalculator.cpp(811,26): warning C4267: 'initializing': conversion from 'size_t' to 'int', possible loss of data
C:\Users\Vladimir Boychev\Desktop\UP PRAKTIKUM\PolynomialCalculator\PolynomialCalculator.cpp(858,14): warning C4267: 'initializing': conversion from 'size_t' to 'int', possible loss of data
C:\Users\Vladimir Boychev\Desktop\UP PRAKTIKUM\PolynomialCalculator\PolynomialCalculator.cpp(913,16): warning C4267: 'initializing': conversion from 'size_t' to 'int', possible loss of data
C:\Users\Vladimir Boychev\Desktop\UP PRAKTIKUM\PolynomialCalculator\PolynomialCalculator.cpp(943,17): warning C4267: 'initializing': conversion from 'size_t' to 'int', possible loss of data
C:\Users\Vladimir Boychev\Desktop\UP PRAKTIKUM\PolynomialCalculator\PolynomialCalculator.cpp(1012,20): warning C4267: 'initializing': conversion from 'size_t' to 'int', possible loss of data
C:\Users\Vladimir Boychev\Desktop\UP PRAKTIKUM\PolynomialCalculator\PolynomialCalculator.cpp(1069,14): warning C4267: 'initializing': conversion from 'size_t' to 'int', possible loss of data
C:\Users\Vladimir Boychev\Desktop\UP PRAKTIKUM\PolynomialCalculator\PolynomialCalculator.cpp(1120,14): warning C4267: 'initializing': conversion from 'size_t' to 'int', possible loss of data
C:\Users\Vladimir Boychev\Desktop\UP PRAKTIKUM\PolynomialCalculator\PolynomialCalculator.cpp(1157,26): warning C4267: 'initializing': conversion from 'size_t' to 'int', possible loss of data
C:\Users\Vladimir Boychev\Desktop\UP PRAKTIKUM\PolynomialCalculator\PolynomialCalculator.cpp(1162,50): warning C4267: '=': conversion from 'size_t' to 'int', possible loss of data
C:\Users\Vladimir Boychev\Desktop\UP PRAKTIKUM\PolynomialCalculator\PolynomialCalculator.cpp(1177,15): warning C4267: 'initializing': conversion from 'size_t' to 'int', possible loss of data
  PolynomialCalculator.vcxproj -> C:\Users\Vladimir Boychev\Desktop\UP PRAKTIKUM\PolynomialCalculator\x64\Debug\PolynomialCalculator.exe
