c:\users\vladimir boychev\desktop\up praktikum\polynomialcalculator\polynomi.e3d5182c\x64\debug\vc143.pdb
c:\users\vladimir boychev\desktop\up praktikum\polynomialcalculator\polynomi.e3d5182c\x64\debug\vc143.idb
c:\users\vladimir boychev\desktop\up praktikum\polynomialcalculator\polynomi.e3d5182c\x64\debug\polynomialcalculator.obj
c:\users\vladimir boychev\desktop\up praktikum\polynomialcalculator\polynomi.e3d5182c\x64\debug\polynomialcalculator.ilk
c:\users\vladimir boychev\desktop\up praktikum\polynomialcalculator\x64\debug\polynomialcalculator.pdb
c:\users\vladimir boychev\desktop\up praktikum\polynomialcalculator\polynomi.e3d5182c\x64\debug\polynomi.e3d5182c.tlog\cl.command.1.tlog
c:\users\vladimir boychev\desktop\up praktikum\polynomialcalculator\polynomi.e3d5182c\x64\debug\polynomi.e3d5182c.tlog\cl.items.tlog
c:\users\vladimir boychev\desktop\up praktikum\polynomialcalculator\polynomi.e3d5182c\x64\debug\polynomi.e3d5182c.tlog\cl.read.1.tlog
c:\users\vladimir boychev\desktop\up praktikum\polynomialcalculator\polynomi.e3d5182c\x64\debug\polynomi.e3d5182c.tlog\cl.write.1.tlog
c:\users\vladimir boychev\desktop\up praktikum\polynomialcalculator\polynomi.e3d5182c\x64\debug\polynomi.e3d5182c.tlog\link-cvtres.read.1.tlog
c:\users\vladimir boychev\desktop\up praktikum\polynomialcalculator\polynomi.e3d5182c\x64\debug\polynomi.e3d5182c.tlog\link-cvtres.write.1.tlog
c:\users\vladimir boychev\desktop\up praktikum\polynomialcalculator\polynomi.e3d5182c\x64\debug\polynomi.e3d5182c.tlog\link-rc.read.1.tlog
c:\users\vladimir boychev\desktop\up praktikum\polynomialcalculator\polynomi.e3d5182c\x64\debug\polynomi.e3d5182c.tlog\link-rc.write.1.tlog
c:\users\vladimir boychev\desktop\up praktikum\polynomialcalculator\polynomi.e3d5182c\x64\debug\polynomi.e3d5182c.tlog\link.14540-cvtres.read.1.tlog
c:\users\vladimir boychev\desktop\up praktikum\polynomialcalculator\polynomi.e3d5182c\x64\debug\polynomi.e3d5182c.tlog\link.14540-cvtres.write.1.tlog
c:\users\vladimir boychev\desktop\up praktikum\polynomialcalculator\polynomi.e3d5182c\x64\debug\polynomi.e3d5182c.tlog\link.14540-rc.read.1.tlog
c:\users\vladimir boychev\desktop\up praktikum\polynomialcalculator\polynomi.e3d5182c\x64\debug\polynomi.e3d5182c.tlog\link.14540-rc.write.1.tlog
c:\users\vladimir boychev\desktop\up praktikum\polynomialcalculator\polynomi.e3d5182c\x64\debug\polynomi.e3d5182c.tlog\link.14540.read.1.tlog
c:\users\vladimir boychev\desktop\up praktikum\polynomialcalculator\polynomi.e3d5182c\x64\debug\polynomi.e3d5182c.tlog\link.14540.read.2.tlog
c:\users\vladimir boychev\desktop\up praktikum\polynomialcalculator\polynomi.e3d5182c\x64\debug\polynomi.e3d5182c.tlog\link.14540.write.1.tlog
c:\users\vladimir boychev\desktop\up praktikum\polynomialcalculator\polynomi.e3d5182c\x64\debug\polynomi.e3d5182c.tlog\link.command.1.tlog
c:\users\vladimir boychev\desktop\up praktikum\polynomialcalculator\polynomi.e3d5182c\x64\debug\polynomi.e3d5182c.tlog\link.read.1.tlog
c:\users\vladimir boychev\desktop\up praktikum\polynomialcalculator\polynomi.e3d5182c\x64\debug\polynomi.e3d5182c.tlog\link.read.2.tlog
c:\users\vladimir boychev\desktop\up praktikum\polynomialcalculator\polynomi.e3d5182c\x64\debug\polynomi.e3d5182c.tlog\link.secondary.1.tlog
c:\users\vladimir boychev\desktop\up praktikum\polynomialcalculator\polynomi.e3d5182c\x64\debug\polynomi.e3d5182c.tlog\link.write.1.tlog
